This is pdfTeX, Version 3.14159265-2.6-1.40.20 (MiKTeX 2.9.7050) (preloaded format=pdflatex 2020.2.21)  21 FEB 2020 13:21
entering extended mode
**./paper.tex
(paper.tex
LaTeX2e <2020-02-02> patch level 2
L3 programming layer <2020-02-14>
("/Users/azizim19/Library/Application Support/MiKTeX/texmfs/install/tex/latex/e
lsarticle/elsarticle.cls"
Document Class: elsarticle 2019/02/25, 3.2: Elsevier Ltd
\@bls=\dimen134

("/Users/azizim19/Library/Application Support/MiKTeX/texmfs/install/tex/latex/b
ase/article.cls"
Document Class: article 2019/12/20 v1.4l Standard LaTeX document class

("/Users/azizim19/Library/Application Support/MiKTeX/texmfs/install/tex/latex/b
ase/size10.clo"
File: size10.clo 2019/12/20 v1.4l Standard LaTeX file (size option)
)
\c@part=\count167
\c@section=\count168
\c@subsection=\count169
\c@subsubsection=\count170
\c@paragraph=\count171
\c@subparagraph=\count172
\c@figure=\count173
\c@table=\count174
\abovecaptionskip=\skip47
\belowcaptionskip=\skip48
\bibindent=\dimen135
)
("/Users/azizim19/Library/Application Support/MiKTeX/texmfs/install/tex/latex/g
raphics/graphicx.sty"
Package: graphicx 2019/11/30 v1.2a Enhanced LaTeX Graphics (DPC,SPQR)

("/Users/azizim19/Library/Application Support/MiKTeX/texmfs/install/tex/latex/g
raphics/keyval.sty"
Package: keyval 2014/10/28 v1.15 key=value parser (DPC)
\KV@toks@=\toks14
)
("/Users/azizim19/Library/Application Support/MiKTeX/texmfs/install/tex/latex/g
raphics/graphics.sty"
Package: graphics 2019/11/30 v1.4a Standard LaTeX Graphics (DPC,SPQR)

("/Users/azizim19/Library/Application Support/MiKTeX/texmfs/install/tex/latex/g
raphics/trig.sty"
Package: trig 2016/01/03 v1.10 sin cos tan (DPC)
)
("/Users/azizim19/Library/Application Support/MiKTeX/texmfs/install/tex/latex/g
raphics-cfg/graphics.cfg"
File: graphics.cfg 2016/06/04 v1.11 sample graphics configuration
)
Package graphics Info: Driver file: pdftex.def on input line 105.

("/Users/azizim19/Library/Application Support/MiKTeX/texmfs/install/tex/latex/g
raphics-def/pdftex.def"
File: pdftex.def 2018/01/08 v1.0l Graphics/color driver for pdftex
))
\Gin@req@height=\dimen136
\Gin@req@width=\dimen137
)
\c@tnote=\count175
\c@fnote=\count176
\c@cnote=\count177
\c@ead=\count178
\c@author=\count179
\@eadauthor=\toks15
\c@affn=\count180
\absbox=\box45
\elsarticlehighlightsbox=\box46
\elsarticlegrabsbox=\box47
\keybox=\box48
\Columnwidth=\dimen138
\space@left=\dimen139
\els@boxa=\box49
\els@boxb=\box50
\leftMargin=\dimen140
\@enLab=\toks16
\@sep=\skip49
\@@sep=\skip50
 (paper.spl)
("/Users/azizim19/Library/Application Support/MiKTeX/texmfs/install/tex/latex/n
atbib/natbib.sty"
Package: natbib 2010/09/13 8.31b (PWD, AO)
\bibhang=\skip51
\bibsep=\skip52
LaTeX Info: Redefining \cite on input line 694.
\c@NAT@ctr=\count181
)
\splwrite=\write3
\openout3 = `paper.spl'.

\appnamewidth=\dimen141
)
("/Users/azizim19/Library/Application Support/MiKTeX/texmfs/install/tex/latex/b
ase/latexsym.sty"
Package: latexsym 1998/08/17 v2.2e Standard LaTeX package (lasy symbols)
\symlasy=\mathgroup4
LaTeX Font Info:    Overwriting symbol font `lasy' in version `bold'
(Font)                  U/lasy/m/n --> U/lasy/b/n on input line 52.
)
("/Users/azizim19/Library/Application Support/MiKTeX/texmfs/install/tex/latex/p
snfss/times.sty"
Package: times 2005/04/12 PSNFSS-v9.2a (SPQR) 
)
("/Users/azizim19/Library/Application Support/MiKTeX/texmfs/install/tex/latex/g
raphics/epsfig.sty"
Package: epsfig 2017/06/25 v1.7b (e)psfig emulation (SPQR)
\epsfxsize=\dimen142
\epsfysize=\dimen143
)
("/Users/azizim19/Library/Application Support/MiKTeX/texmfs/install/tex/latex/a
msmath/amsmath.sty"
Package: amsmath 2020/01/20 v2.17e AMS math features
\@mathmargin=\skip53

For additional information on amsmath, use the `?' option.

("/Users/azizim19/Library/Application Support/MiKTeX/texmfs/install/tex/latex/a
msmath/amstext.sty"
Package: amstext 2000/06/29 v2.01 AMS text

("/Users/azizim19/Library/Application Support/MiKTeX/texmfs/install/tex/latex/a
msmath/amsgen.sty"
File: amsgen.sty 1999/11/30 v2.0 generic functions
\@emptytoks=\toks17
\ex@=\dimen144
))
("/Users/azizim19/Library/Application Support/MiKTeX/texmfs/install/tex/latex/a
msmath/amsbsy.sty"
Package: amsbsy 1999/11/29 v1.2d Bold Symbols
\pmbraise@=\dimen145
)
("/Users/azizim19/Library/Application Support/MiKTeX/texmfs/install/tex/latex/a
msmath/amsopn.sty"
Package: amsopn 2016/03/08 v2.02 operator names
)
\inf@bad=\count182
LaTeX Info: Redefining \frac on input line 227.
\uproot@=\count183
\leftroot@=\count184
LaTeX Info: Redefining \overline on input line 389.
\classnum@=\count185
\DOTSCASE@=\count186
LaTeX Info: Redefining \ldots on input line 486.
LaTeX Info: Redefining \dots on input line 489.
LaTeX Info: Redefining \cdots on input line 610.
\Mathstrutbox@=\box51
\strutbox@=\box52
\big@size=\dimen146
LaTeX Font Info:    Redeclaring font encoding OML on input line 733.
LaTeX Font Info:    Redeclaring font encoding OMS on input line 734.
\macc@depth=\count187
\c@MaxMatrixCols=\count188
\dotsspace@=\muskip16
\c@parentequation=\count189
\dspbrk@lvl=\count190
\tag@help=\toks18
\row@=\count191
\column@=\count192
\maxfields@=\count193
\andhelp@=\toks19
\eqnshift@=\dimen147
\alignsep@=\dimen148
\tagshift@=\dimen149
\tagwidth@=\dimen150
\totwidth@=\dimen151
\lineht@=\dimen152
\@envbody=\toks20
\multlinegap=\skip54
\multlinetaggap=\skip55
\mathdisplay@stack=\toks21
LaTeX Info: Redefining \[ on input line 2859.
LaTeX Info: Redefining \] on input line 2860.
)
("/Users/azizim19/Library/Application Support/MiKTeX/texmfs/install/tex/latex/d
blfloatfix/dblfloatfix.sty"
Package: dblfloatfix 2012/12/31 v1.0a (JAW)

("/Users/azizim19/Library/Application Support/MiKTeX/texmfs/install/tex/latex/b
ase/fixltx2e.sty"
Package: fixltx2e 2016/12/29 v2.1a fixes to LaTeX (obsolete)
Applying: [2015/01/01] Old fixltx2e package on input line 46.


Package fixltx2e Warning: fixltx2e is not required with releases after 2015
(fixltx2e)                All fixes are now in the LaTeX kernel.
(fixltx2e)                See the latexrelease package for details.

Already applied: [0000/00/00] Old fixltx2e package on input line 53.
)
\@dblbotnum=\count194
\c@dblbotnumber=\count195
)
("/Users/azizim19/Library/Application Support/MiKTeX/texmfs/install/tex/latex/t
ools/tabularx.sty"
Package: tabularx 2020/01/15 v2.11c `tabularx' package (DPC)

("/Users/azizim19/Library/Application Support/MiKTeX/texmfs/install/tex/latex/t
ools/array.sty"
Package: array 2019/08/31 v2.4l Tabular extension package (FMi)
\col@sep=\dimen153
\ar@mcellbox=\box53
\extrarowheight=\dimen154
\NC@list=\toks22
\extratabsurround=\skip56
\backup@length=\skip57
\ar@cellbox=\box54
)
\TX@col@width=\dimen155
\TX@old@table=\dimen156
\TX@old@col=\dimen157
\TX@target=\dimen158
\TX@delta=\dimen159
\TX@cols=\count196
\TX@ftn=\toks23
)
("/Users/azizim19/Library/Application Support/MiKTeX/texmfs/install/tex/latex/t
ools/verbatim.sty"
Package: verbatim 2019/11/10 v1.5r LaTeX2e package for verbatim enhancements
\every@verbatim=\toks24
\verbatim@line=\toks25
\verbatim@in@stream=\read2
)
("/Users/azizim19/Library/Application Support/MiKTeX/texmfs/install/tex/latex/l
istings/listings.sty"
\lst@mode=\count197
\lst@gtempboxa=\box55
\lst@token=\toks26
\lst@length=\count198
\lst@currlwidth=\dimen160
\lst@column=\count199
\lst@pos=\count266
\lst@lostspace=\dimen161
\lst@width=\dimen162
\lst@newlines=\count267
\lst@lineno=\count268
\lst@maxwidth=\dimen163

("/Users/azizim19/Library/Application Support/MiKTeX/texmfs/install/tex/latex/l
istings/lstmisc.sty"
File: lstmisc.sty 2019/09/10 1.8c (Carsten Heinz)
\c@lstnumber=\count269
\lst@skipnumbers=\count270
\lst@framebox=\box56
)
("/Users/azizim19/Library/Application Support/MiKTeX/texmfs/install/tex/latex/l
istings/listings.cfg"
File: listings.cfg 2019/09/10 1.8c listings configuration
))
Package: listings 2019/09/10 1.8c (Carsten Heinz)

("/Users/azizim19/Library/Application Support/MiKTeX/texmfs/install/tex/latex/a
lgorithms/algorithm.sty"
Package: algorithm 2009/08/24 v0.1 Document Style `algorithm' - floating enviro
nment

("/Users/azizim19/Library/Application Support/MiKTeX/texmfs/install/tex/latex/f
loat/float.sty"
Package: float 2001/11/08 v1.3d Float enhancements (AL)
\c@float@type=\count271
\float@exts=\toks27
\float@box=\box57
\@float@everytoks=\toks28
\@floatcapt=\box58
)
("/Users/azizim19/Library/Application Support/MiKTeX/texmfs/install/tex/latex/b
ase/ifthen.sty"
Package: ifthen 2014/09/29 v1.1c Standard LaTeX ifthen package (DPC)
)
\@float@every@algorithm=\toks29
\c@algorithm=\count272
)
("/Users/azizim19/Library/Application Support/MiKTeX/texmfs/install/tex/latex/a
lgorithmicx/algpseudocode.sty"
Package: algpseudocode 

("/Users/azizim19/Library/Application Support/MiKTeX/texmfs/install/tex/latex/a
lgorithmicx/algorithmicx.sty"
Package: algorithmicx 2005/04/27 v1.2 Algorithmicx

Document Style algorithmicx 1.2 - a greatly improved `algorithmic' style
\c@ALG@line=\count273
\c@ALG@rem=\count274
\c@ALG@nested=\count275
\ALG@tlm=\skip58
\ALG@thistlm=\skip59
\c@ALG@Lnr=\count276
\c@ALG@blocknr=\count277
\c@ALG@storecount=\count278
\c@ALG@tmpcounter=\count279
\ALG@tmplength=\skip60
)
Document Style - pseudocode environments for use with the `algorithmicx' style
)
("/Users/azizim19/Library/Application Support/MiKTeX/texmfs/install/tex/latex/c
aption/caption.sty"
Package: caption 2020/01/03 v3.4h Customizing captions (AR)

("/Users/azizim19/Library/Application Support/MiKTeX/texmfs/install/tex/latex/c
aption/caption3.sty"
Package: caption3 2020/01/03 v1.8h caption3 kernel (AR)
Package caption3 Info: TeX engine: e-TeX on input line 61.
\captionmargin=\dimen164
\captionmargin@=\dimen165
\captionwidth=\dimen166
\caption@tempdima=\dimen167
\caption@indent=\dimen168
\caption@parindent=\dimen169
\caption@hangindent=\dimen170
Package caption Info: elsarticle document class detected.
)
\c@caption@flags=\count280
\c@continuedfloat=\count281
Package caption Info: float package is loaded.
Package caption Info: listings package is loaded.
)
("/Users/azizim19/Library/Application Support/MiKTeX/texmfs/install/tex/latex/m
ultirow/multirow.sty"
Package: multirow 2019/05/31 v2.5 Span multiple rows of a table
\multirow@colwidth=\skip61
\multirow@cntb=\count282
\multirow@dima=\skip62
\bigstrutjot=\dimen171
)
("/Users/azizim19/Library/Application Support/MiKTeX/texmfs/install/tex/latex/p
snfss/pifont.sty"
Package: pifont 2005/04/12 PSNFSS-v9.2a Pi font support (SPQR) 
LaTeX Font Info:    Trying to load font information for U+pzd on input line 63.


("/Users/azizim19/Library/Application Support/MiKTeX/texmfs/install/tex/latex/p
snfss/upzd.fd"
File: upzd.fd 2001/06/04 font definitions for U/pzd.
)
LaTeX Font Info:    Trying to load font information for U+psy on input line 64.


("/Users/azizim19/Library/Application Support/MiKTeX/texmfs/install/tex/latex/p
snfss/upsy.fd"
File: upsy.fd 2001/06/04 font definitions for U/psy.
))
("/Users/azizim19/Library/Application Support/MiKTeX/texmfs/install/tex/latex/p
reprint/balance.sty"
Package: balance 1999/02/23 4.3 (PWD)
\oldvsize=\dimen172
)
("/Users/azizim19/Library/Application Support/MiKTeX/texmfs/install/tex/latex/l
ineno/lineno.sty"
Package: lineno 2005/11/02 line numbers on paragraphs v4.41
\linenopenalty=\count283
\output=\toks30
\linenoprevgraf=\count284
\linenumbersep=\dimen173
\linenumberwidth=\dimen174
\c@linenumber=\count285
\c@pagewiselinenumber=\count286
\c@LN@truepage=\count287
\c@internallinenumber=\count288
\c@internallinenumbers=\count289
\quotelinenumbersep=\dimen175
\bframerule=\dimen176
\bframesep=\dimen177
\bframebox=\box59
LaTeX Info: Redefining \\ on input line 3056.
)
("/Users/azizim19/Library/Application Support/MiKTeX/texmfs/install/tex/latex/h
yperref/hyperref.sty"
Package: hyperref 2020/01/14 v7.00d Hypertext links for LaTeX

("/Users/azizim19/Library/Application Support/MiKTeX/texmfs/install/tex/generic
/ltxcmds/ltxcmds.sty"
Package: ltxcmds 2019/12/15 v1.24 LaTeX kernel commands for general use (HO)
)
("/Users/azizim19/Library/Application Support/MiKTeX/texmfs/install/tex/generic
/iftex/iftex.sty"
Package: iftex 2019/11/07 v1.0c TeX engine tests
)
("/Users/azizim19/Library/Application Support/MiKTeX/texmfs/install/tex/latex/p
dftexcmds/pdftexcmds.sty"
Package: pdftexcmds 2019/11/24 v0.31 Utility functions of pdfTeX for LuaTeX (HO
)

("/Users/azizim19/Library/Application Support/MiKTeX/texmfs/install/tex/generic
/infwarerr/infwarerr.sty"
Package: infwarerr 2019/12/03 v1.5 Providing info/warning/error messages (HO)
)
Package pdftexcmds Info: \pdf@primitive is available.
Package pdftexcmds Info: \pdf@ifprimitive is available.
Package pdftexcmds Info: \pdfdraftmode found.
)
("/Users/azizim19/Library/Application Support/MiKTeX/texmfs/install/tex/generic
/kvsetkeys/kvsetkeys.sty"
Package: kvsetkeys 2019/12/15 v1.18 Key value parser (HO)
)
("/Users/azizim19/Library/Application Support/MiKTeX/texmfs/install/tex/generic
/kvdefinekeys/kvdefinekeys.sty"
Package: kvdefinekeys 2019-12-19 v1.6 Define keys (HO)
)
("/Users/azizim19/Library/Application Support/MiKTeX/texmfs/install/tex/generic
/pdfescape/pdfescape.sty"
Package: pdfescape 2019/12/09 v1.15 Implements pdfTeX's escape features (HO)
)
("/Users/azizim19/Library/Application Support/MiKTeX/texmfs/install/tex/latex/h
ycolor/hycolor.sty"
Package: hycolor 2020-01-27 v1.10 Color options for hyperref/bookmark (HO)
)
("/Users/azizim19/Library/Application Support/MiKTeX/texmfs/install/tex/latex/l
etltxmacro/letltxmacro.sty"
Package: letltxmacro 2019/12/03 v1.6 Let assignment for LaTeX macros (HO)
)
("/Users/azizim19/Library/Application Support/MiKTeX/texmfs/install/tex/latex/a
uxhook/auxhook.sty"
Package: auxhook 2019-12-17 v1.6 Hooks for auxiliary files (HO)
)
("/Users/azizim19/Library/Application Support/MiKTeX/texmfs/install/tex/latex/k
voptions/kvoptions.sty"
Package: kvoptions 2019/11/29 v3.13 Key value format for package options (HO)
)
\@linkdim=\dimen178
\Hy@linkcounter=\count290
\Hy@pagecounter=\count291

("/Users/azizim19/Library/Application Support/MiKTeX/texmfs/install/tex/latex/h
yperref/pd1enc.def"
File: pd1enc.def 2020/01/14 v7.00d Hyperref: PDFDocEncoding definition (HO)
Now handling font encoding PD1 ...
... no UTF-8 mapping file for font encoding PD1
)
("/Users/azizim19/Library/Application Support/MiKTeX/texmfs/install/tex/generic
/intcalc/intcalc.sty"
Package: intcalc 2019/12/15 v1.3 Expandable calculations with integers (HO)
)
("/Users/azizim19/Library/Application Support/MiKTeX/texmfs/install/tex/generic
/etexcmds/etexcmds.sty"
Package: etexcmds 2019/12/15 v1.7 Avoid name clashes with e-TeX commands (HO)
)
\Hy@SavedSpaceFactor=\count292
\pdfmajorversion=\count293
Package hyperref Info: Hyper figures OFF on input line 4547.
Package hyperref Info: Link nesting OFF on input line 4552.
Package hyperref Info: Hyper index ON on input line 4555.
Package hyperref Info: Plain pages OFF on input line 4562.
Package hyperref Info: Backreferencing OFF on input line 4567.
Package hyperref Info: Implicit mode ON; LaTeX internals redefined.
Package hyperref Info: Bookmarks ON on input line 4800.
\c@Hy@tempcnt=\count294

("/Users/azizim19/Library/Application Support/MiKTeX/texmfs/install/tex/latex/u
rl/url.sty"
\Urlmuskip=\muskip17
Package: url 2013/09/16  ver 3.4  Verb mode for urls, etc.
)
LaTeX Info: Redefining \url on input line 5159.
\XeTeXLinkMargin=\dimen179

("/Users/azizim19/Library/Application Support/MiKTeX/texmfs/install/tex/generic
/bitset/bitset.sty"
Package: bitset 2019/12/09 v1.3 Handle bit-vector datatype (HO)

("/Users/azizim19/Library/Application Support/MiKTeX/texmfs/install/tex/generic
/bigintcalc/bigintcalc.sty"
Package: bigintcalc 2019/12/15 v1.5 Expandable calculations on big integers (HO
)
))
\Fld@menulength=\count295
\Field@Width=\dimen180
\Fld@charsize=\dimen181
Package hyperref Info: Hyper figures OFF on input line 6430.
Package hyperref Info: Link nesting OFF on input line 6435.
Package hyperref Info: Hyper index ON on input line 6438.
Package hyperref Info: backreferencing OFF on input line 6445.
Package hyperref Info: Link coloring OFF on input line 6450.
Package hyperref Info: Link coloring with OCG OFF on input line 6455.
Package hyperref Info: PDF/A mode OFF on input line 6460.
LaTeX Info: Redefining \ref on input line 6500.
LaTeX Info: Redefining \pageref on input line 6504.

("/Users/azizim19/Library/Application Support/MiKTeX/texmfs/install/tex/generic
/atbegshi/atbegshi.sty"
Package: atbegshi 2019/12/05 v1.19 At begin shipout hook (HO)
)
\Hy@abspage=\count296
\c@Item=\count297
\c@Hfootnote=\count298
)
Package hyperref Info: Driver (autodetected): hpdftex.

("/Users/azizim19/Library/Application Support/MiKTeX/texmfs/install/tex/latex/h
yperref/hpdftex.def"
File: hpdftex.def 2020/01/14 v7.00d Hyperref driver for pdfTeX

("/Users/azizim19/Library/Application Support/MiKTeX/texmfs/install/tex/latex/a
tveryend/atveryend.sty"
Package: atveryend 2019-12-11 v1.11 Hooks at the very end of document (HO)
Package atveryend Info: \enddocument detected (standard20110627).
)
\Fld@listcount=\count299
\c@bookmark@seq@number=\count300

("/Users/azizim19/Library/Application Support/MiKTeX/texmfs/install/tex/latex/r
erunfilecheck/rerunfilecheck.sty"
Package: rerunfilecheck 2019/12/05 v1.9 Rerun checks for auxiliary files (HO)

("/Users/azizim19/Library/Application Support/MiKTeX/texmfs/install/tex/generic
/uniquecounter/uniquecounter.sty"
Package: uniquecounter 2019/12/15 v1.4 Provide unlimited unique counter (HO)
)
Package uniquecounter Info: New unique counter `rerunfilecheck' on input line 2
86.
)
\Hy@SectionHShift=\skip63
)
("/Users/azizim19/Library/Application Support/MiKTeX/texmfs/install/tex/latex/l
3backend/l3backend-pdfmode.def"
File: l3backend-pdfmode.def 2020-02-03 L3 backend support: PDF mode
\l__kernel_color_stack_int=\count301
\l__pdf_internal_box=\box60
)

LaTeX Warning: Unused global option(s):
    [journal,compsoc].

(paper.aux)
\openout1 = `paper.aux'.

LaTeX Font Info:    Checking defaults for OML/cmm/m/it on input line 82.
LaTeX Font Info:    ... okay on input line 82.
LaTeX Font Info:    Checking defaults for OMS/cmsy/m/n on input line 82.
LaTeX Font Info:    ... okay on input line 82.
LaTeX Font Info:    Checking defaults for OT1/cmr/m/n on input line 82.
LaTeX Font Info:    ... okay on input line 82.
LaTeX Font Info:    Checking defaults for T1/cmr/m/n on input line 82.
LaTeX Font Info:    ... okay on input line 82.
LaTeX Font Info:    Checking defaults for TS1/cmr/m/n on input line 82.
LaTeX Font Info:    ... okay on input line 82.
LaTeX Font Info:    Checking defaults for OMX/cmex/m/n on input line 82.
LaTeX Font Info:    ... okay on input line 82.
LaTeX Font Info:    Checking defaults for U/cmr/m/n on input line 82.
LaTeX Font Info:    ... okay on input line 82.
LaTeX Font Info:    Checking defaults for PD1/pdf/m/n on input line 82.
LaTeX Font Info:    ... okay on input line 82.
LaTeX Font Info:    Trying to load font information for OT1+ptm on input line 8
2.

("/Users/azizim19/Library/Application Support/MiKTeX/texmfs/install/tex/latex/p
snfss/ot1ptm.fd"
File: ot1ptm.fd 2001/06/04 font definitions for OT1/ptm.
)
("/Users/azizim19/Library/Application Support/MiKTeX/texmfs/install/tex/context
/base/mkii/supp-pdf.mkii"
[Loading MPS to PDF converter (version 2006.09.02).]
\scratchcounter=\count302
\scratchdimen=\dimen182
\scratchbox=\box61
\nofMPsegments=\count303
\nofMParguments=\count304
\everyMPshowfont=\toks31
\MPscratchCnt=\count305
\MPscratchDim=\dimen183
\MPnumerator=\count306
\makeMPintoPDFobject=\count307
\everyMPtoPDFconversion=\toks32
)
("/Users/azizim19/Library/Application Support/MiKTeX/texmfs/install/tex/latex/e
pstopdf-pkg/epstopdf-base.sty"
Package: epstopdf-base 2020-01-24 v2.11 Base part for package epstopdf
Package epstopdf-base Info: Redefining graphics rule for `.eps' on input line 4
85.
)
\c@lstlisting=\count308
Package caption Info: Begin \AtBeginDocument code.
Package caption Info: hyperref package is loaded.
Package caption Info: End \AtBeginDocument code.
\AtBeginShipoutBox=\box62
Package hyperref Info: Link coloring OFF on input line 82.

("/Users/azizim19/Library/Application Support/MiKTeX/texmfs/install/tex/latex/h
yperref/nameref.sty"
Package: nameref 2019/09/16 v2.46 Cross-referencing by name of section

("/Users/azizim19/Library/Application Support/MiKTeX/texmfs/install/tex/latex/r
efcount/refcount.sty"
Package: refcount 2019/12/15 v3.6 Data extraction from label references (HO)
)
("/Users/azizim19/Library/Application Support/MiKTeX/texmfs/install/tex/generic
/gettitlestring/gettitlestring.sty"
Package: gettitlestring 2019/12/15 v1.6 Cleanup title references (HO)
)
\c@section@level=\count309
)
LaTeX Info: Redefining \ref on input line 82.
LaTeX Info: Redefining \pageref on input line 82.
LaTeX Info: Redefining \nameref on input line 82.
 (paper.out) (paper.out)
\@outlinefile=\write4
\openout4 = `paper.out'.


("/Users/azizim19/Library/Application Support/MiKTeX/texmfs/install/tex/generic
/epsf/epsf.tex"
This is `epsf.tex' v2.7.4 <14 February 2011>
\epsffilein=\read3
\epsfframemargin=\dimen184
\epsfframethickness=\dimen185
\epsfrsize=\dimen186
\epsftmp=\dimen187
\epsftsize=\dimen188
\epsfxsize=\dimen189
\epsfysize=\dimen190
\pspoints=\dimen191
)
LaTeX Font Info:    Trying to load font information for U+lasy on input line 11
7.

("/Users/azizim19/Library/Application Support/MiKTeX/texmfs/install/tex/latex/b
ase/ulasy.fd"
File: ulasy.fd 1998/08/17 v2.2e LaTeX symbol font definitions
)
LaTeX Font Info:    Trying to load font information for OT1+pcr on input line 1
17.

("/Users/azizim19/Library/Application Support/MiKTeX/texmfs/install/tex/latex/p
snfss/ot1pcr.fd"
File: ot1pcr.fd 2001/06/04 font definitions for OT1/pcr.
) (abstract.tex) (introduction.tex

Package natbib Warning: Citation `Retest' on page 1 undefined on input line 95.



Package hyperref Warning: Token not allowed in a PDF string (PDFDocEncoding):
(hyperref)                removing `\<def>-command' on input line 96.


Package hyperref Warning: Token not allowed in a PDF string (PDFDocEncoding):
(hyperref)                removing `\cnotenum' on input line 96.


Package hyperref Warning: Token not allowed in a PDF string (PDFDocEncoding):
(hyperref)                removing `\<def>-command' on input line 96.


Package hyperref Warning: Token not allowed in a PDF string (PDFDocEncoding):
(hyperref)                removing `\@corref' on input line 96.

[1


{/Users/azizim19/Library/Application Support/MiKTeX/texmfs/data/pdftex/config/p
dftex.map}]
LaTeX Font Info:    Trying to load font information for TS1+ptm on input line 1
55.

("/Users/azizim19/Library/Application Support/MiKTeX/texmfs/install/tex/latex/p
snfss/ts1ptm.fd"
File: ts1ptm.fd 2001/06/04 font definitions for TS1/ptm.
)) (methodology-ma.tex
<./overview3.png, id=143, 1104.37593pt x 704.6325pt>
File: ./overview3.png Graphic file (type png)
<use ./overview3.png>
Package pdftex.def Info: ./overview3.png  used on input line 23.
(pdftex.def)             Requested size: 446.2658pt x 284.74025pt.
 [2]
<./xml2.png, id=156, 1248.91594pt x 706.89093pt>
File: ./xml2.png Graphic file (type png)
<use ./xml2.png>
Package pdftex.def Info: ./xml2.png  used on input line 57.
(pdftex.def)             Requested size: 422.77661pt x 239.29347pt.
 [3 <./overview3.png>]
<./allcodes2.png, id=174, 1152.55594pt x 683.55376pt>
File: ./allcodes2.png Graphic file (type png)
<use ./allcodes2.png>
Package pdftex.def Info: ./allcodes2.png  used on input line 318.
(pdftex.def)             Requested size: 422.77661pt x 250.74146pt.
 [4 <./xml2.png>]
<./networklayout.png, id=190, 980.91469pt x 655.69969pt>
File: ./networklayout.png Graphic file (type png)
<use ./networklayout.png>
Package pdftex.def Info: ./networklayout.png  used on input line 365.
(pdftex.def)             Requested size: 422.77661pt x 282.60571pt.
) (study.tex
Underfull \hbox (badness 10000) in paragraph at lines 5--11

 []

[5 <./allcodes2.png>]
Overfull \hbox (63.65327pt too wide) in paragraph at lines 76--95
 [] 
 []

[6 <./networklayout.png>] [7]) (analysis.tex
<./testselected.png, id=232, 1033.61156pt x 633.11531pt>
File: ./testselected.png Graphic file (type png)
<use ./testselected.png>
Package pdftex.def Info: ./testselected.png  used on input line 97.
(pdftex.def)             Requested size: 422.77661pt x 258.96068pt.
 [8]
<./nop1.png, id=241, 376.40625pt x 301.125pt>
File: ./nop1.png Graphic file (type png)
<use ./nop1.png>
Package pdftex.def Info: ./nop1.png  used on input line 132.
(pdftex.def)             Requested size: 147.26852pt x 117.81503pt.
<./nop2.png, id=242, 376.40625pt x 301.125pt>
File: ./nop2.png Graphic file (type png)
<use ./nop2.png>
Package pdftex.def Info: ./nop2.png  used on input line 137.
(pdftex.def)             Requested size: 147.26852pt x 117.81503pt.
<./umbra1.png, id=243, 376.40625pt x 301.125pt>
File: ./umbra1.png Graphic file (type png)
<use ./umbra1.png>
Package pdftex.def Info: ./umbra1.png  used on input line 142.
(pdftex.def)             Requested size: 147.26852pt x 117.81503pt.
<./umbra2.png, id=244, 376.40625pt x 301.125pt>
File: ./umbra2.png Graphic file (type png)
<use ./umbra2.png>
Package pdftex.def Info: ./umbra2.png  used on input line 151.
(pdftex.def)             Requested size: 147.26852pt x 117.81503pt.
<./joda1.png, id=245, 376.40625pt x 301.125pt>
File: ./joda1.png Graphic file (type png)
<use ./joda1.png>
Package pdftex.def Info: ./joda1.png  used on input line 156.
(pdftex.def)             Requested size: 147.26852pt x 117.81503pt.
<./joda2.png, id=246, 376.40625pt x 301.125pt>
File: ./joda2.png Graphic file (type png)
<use ./joda2.png>
Package pdftex.def Info: ./joda2.png  used on input line 161.
(pdftex.def)             Requested size: 147.26852pt x 117.81503pt.
<./joda3.png, id=247, 376.40625pt x 301.125pt>
File: ./joda3.png Graphic file (type png)
<use ./joda3.png>
Package pdftex.def Info: ./joda3.png  used on input line 169.
(pdftex.def)             Requested size: 147.26852pt x 117.81503pt.
<./joda4.png, id=248, 376.40625pt x 301.125pt>
File: ./joda4.png Graphic file (type png)
<use ./joda4.png>
Package pdftex.def Info: ./joda4.png  used on input line 174.
(pdftex.def)             Requested size: 147.26852pt x 117.81503pt.
<./joda5.png, id=249, 376.40625pt x 301.125pt>
File: ./joda5.png Graphic file (type png)
<use ./joda5.png>
Package pdftex.def Info: ./joda5.png  used on input line 179.
(pdftex.def)             Requested size: 147.26852pt x 117.81503pt.
<./joda6.png, id=250, 376.40625pt x 301.125pt>
File: ./joda6.png Graphic file (type png)
<use ./joda6.png>
Package pdftex.def Info: ./joda6.png  used on input line 187.
(pdftex.def)             Requested size: 147.26852pt x 117.81503pt.
<./jfree1.png, id=251, 376.40625pt x 301.125pt>
File: ./jfree1.png Graphic file (type png)
<use ./jfree1.png>
Package pdftex.def Info: ./jfree1.png  used on input line 192.
(pdftex.def)             Requested size: 147.26852pt x 117.81503pt.
File: ./jfree1.png Graphic file (type png)
<use ./jfree1.png>
Package pdftex.def Info: ./jfree1.png  used on input line 197.
(pdftex.def)             Requested size: 147.26852pt x 117.81503pt.
<./jfree3.png, id=252, 376.40625pt x 301.125pt>
File: ./jfree3.png Graphic file (type png)
<use ./jfree3.png>
Package pdftex.def Info: ./jfree3.png  used on input line 205.
(pdftex.def)             Requested size: 147.26852pt x 117.81503pt.
<./jfree4.png, id=253, 376.40625pt x 301.125pt>
File: ./jfree4.png Graphic file (type png)
<use ./jfree4.png>
Package pdftex.def Info: ./jfree4.png  used on input line 210.
(pdftex.def)             Requested size: 147.26852pt x 117.81503pt.
<./jfree5.png, id=254, 376.40625pt x 301.125pt>
File: ./jfree5.png Graphic file (type png)
<use ./jfree5.png>
Package pdftex.def Info: ./jfree5.png  used on input line 215.
(pdftex.def)             Requested size: 147.26852pt x 117.81503pt.
) (discussion.tex [9 <./testselected.png> <./nop1.png> <./nop2.png> <./umbra1.p
ng>] [10 <./umbra2.png> <./joda1.png> <./joda2.png> <./joda3.png> <./joda4.png>
 <./joda5.png> <./joda6.png> <./jfree1.png> <./jfree3.png> <./jfree4.png> <./jf
ree5.png>]) (validity.tex)
(background.tex [11]) (conclusions.tex [12]) (paper.bbl [13] [14])

Package natbib Warning: There were undefined citations.

Package atveryend Info: Empty hook `BeforeClearDocument' on input line 148.
[15]
Package atveryend Info: Empty hook `AfterLastShipout' on input line 148.
 (paper.aux)
Package atveryend Info: Executing hook `AtVeryEndDocument' on input line 148.
Package atveryend Info: Executing hook `AtEndAfterFileList' on input line 148.
Package rerunfilecheck Info: File `paper.out' has not changed.
(rerunfilecheck)             Checksum: CF3E8B3706289AD118081D0CB36B2CAD;1474.
Package atveryend Info: Empty hook `AtVeryVeryEnd' on input line 148.
 ) 
Here is how much of TeX's memory you used:
 10528 strings out of 481526
 164571 string characters out of 2904236
 430054 words of memory out of 3000000
 25426 multiletter control sequences out of 15000+200000
 551717 words of font info for 62 fonts, out of 3000000 for 9000
 1144 hyphenation exceptions out of 8191
 41i,9n,42p,367b,555s stack positions out of 5000i,500n,10000p,200000b,50000s
{/Users/azizim19/Library/Application Support/MiKTeX/texmfs/install/fonts/enc/
dvips/base/8r.enc}</Users/azizim19/Library/Application Support/MiKTeX/texmfs/in
stall/fonts/type1/public/amsfonts/cm/cmex10.pfb></Users/azizim19/Library/Applic
ation Support/MiKTeX/texmfs/install/fonts/type1/public/amsfonts/cm/cmmi10.pfb><
/Users/azizim19/Library/Application Support/MiKTeX/texmfs/install/fonts/type1/p
ublic/amsfonts/cm/cmmi7.pfb></Users/azizim19/Library/Application Support/MiKTeX
/texmfs/install/fonts/type1/public/amsfonts/cm/cmr10.pfb></Users/azizim19/Libra
ry/Application Support/MiKTeX/texmfs/install/fonts/type1/public/amsfonts/cm/cmr
7.pfb></Users/azizim19/Library/Application Support/MiKTeX/texmfs/install/fonts/
type1/public/amsfonts/cm/cmsy10.pfb></Users/azizim19/Library/Application Suppor
t/MiKTeX/texmfs/install/fonts/type1/public/amsfonts/cm/cmsy6.pfb></Users/azizim
19/Library/Application Support/MiKTeX/texmfs/install/fonts/type1/public/amsfont
s/cm/cmsy7.pfb></Users/azizim19/Library/Application Support/MiKTeX/texmfs/insta
ll/fonts/type1/urw/courier/ucrr8a.pfb></Users/azizim19/Library/Application Supp
ort/MiKTeX/texmfs/install/fonts/type1/urw/times/utmb8a.pfb></Users/azizim19/Lib
rary/Application Support/MiKTeX/texmfs/install/fonts/type1/urw/times/utmr8a.pfb
></Users/azizim19/Library/Application Support/MiKTeX/texmfs/install/fonts/type1
/urw/times/utmri8a.pfb>
Output written on paper.pdf (15 pages, 1773899 bytes).
PDF statistics:
 401 PDF objects out of 1000 (max. 8388607)
 105 named destinations out of 1000 (max. 500000)
 272 words of extra memory for PDF output out of 10000 (max. 10000000)

